mode: atomic
github.com/createitv/smartisan/random/random.go:28.13,30.2 1 1
github.com/createitv/smartisan/random/random.go:33.36,34.16 1 3
github.com/createitv/smartisan/random/random.go:37.2,37.15 1 2
github.com/createitv/smartisan/random/random.go:40.2,40.33 1 2
github.com/createitv/smartisan/random/random.go:34.16,36.3 1 1
github.com/createitv/smartisan/random/random.go:37.15,39.3 1 1
github.com/createitv/smartisan/random/random.go:44.35,45.16 1 2
github.com/createitv/smartisan/random/random.go:48.2,49.57 2 1
github.com/createitv/smartisan/random/random.go:53.2,53.10 1 1
github.com/createitv/smartisan/random/random.go:45.16,47.3 1 1
github.com/createitv/smartisan/random/random.go:49.57,51.3 1 0
github.com/createitv/smartisan/random/random.go:57.50,60.19 2 7
github.com/createitv/smartisan/random/random.go:64.2,64.18 1 7
github.com/createitv/smartisan/random/random.go:60.19,62.3 1 70
github.com/createitv/smartisan/random/random.go:68.36,70.2 1 1
github.com/createitv/smartisan/random/random.go:73.36,75.2 1 1
github.com/createitv/smartisan/random/random.go:78.41,80.2 1 1
github.com/createitv/smartisan/random/random.go:83.41,85.2 1 1
github.com/createitv/smartisan/random/random.go:88.43,90.2 1 1
github.com/createitv/smartisan/random/random.go:93.31,97.34 3 1
github.com/createitv/smartisan/random/random.go:101.2,106.8 3 1
github.com/createitv/smartisan/random/random.go:97.34,99.3 1 0
